<?xml version="1.0" encoding="UTF-8"?>
<robot generator="Robot 6.0.2 (Python 3.10.2 on win32)" generated="20230331 19:25:32.954" rpa="false" schemaversion="3">
<suite id="s1" name="Login" source="D:\Studies\School\Python\Automation\Tracnghiemvn\Login.robot">
<test id="s1-t1" name="LoginTest" line="10">
<kw name="Open Browser" library="SeleniumLibrary">
<arg>https://tracnghiem.vn/</arg>
<arg>chrome</arg>
<doc>Opens a new browser instance to the optional ``url``.</doc>
<msg timestamp="20230331 19:25:33.290" level="INFO">Opening browser 'chrome' to base url 'https://tracnghiem.vn/'.</msg>
<status status="PASS" starttime="20230331 19:25:33.290" endtime="20230331 19:26:05.320"/>
</kw>
<kw name="Maximize Browser Window" library="SeleniumLibrary">
<doc>Maximizes current browser window.</doc>
<status status="PASS" starttime="20230331 19:26:05.322" endtime="20230331 19:26:05.518"/>
</kw>
<kw name="Sleep" library="BuiltIn">
<arg>2s</arg>
<doc>Pauses the test executed for the given time.</doc>
<msg timestamp="20230331 19:26:07.545" level="INFO">Slept 2 seconds</msg>
<status status="PASS" starttime="20230331 19:26:05.529" endtime="20230331 19:26:07.545"/>
</kw>
<kw name="Wait Until Page Contains Element" library="SeleniumLibrary">
<arg>xpath://span[contains(text(),'Đăng nhập')]</arg>
<doc>Waits until the element ``locator`` appears on the current page.</doc>
<status status="PASS" starttime="20230331 19:26:07.545" endtime="20230331 19:26:07.563"/>
</kw>
<kw name="Click Element" library="SeleniumLibrary">
<arg>xpath://span[contains(text(),'Đăng nhập')]</arg>
<doc>Click the element identified by ``locator``.</doc>
<msg timestamp="20230331 19:26:07.564" level="INFO">Clicking element 'xpath://span[contains(text(),'Đăng nhập')]'.</msg>
<status status="PASS" starttime="20230331 19:26:07.564" endtime="20230331 19:26:08.651"/>
</kw>
<kw name="Input Text" library="SeleniumLibrary">
<arg>//input[@id='username']</arg>
<arg>${user_name}</arg>
<doc>Types the given ``text`` into the text field identified by ``locator``.</doc>
<msg timestamp="20230331 19:26:08.653" level="INFO">Typing text 'seoyool2_' into text field '//input[@id='username']'.</msg>
<status status="PASS" starttime="20230331 19:26:08.652" endtime="20230331 19:26:08.787"/>
</kw>
<kw name="Input Password" library="SeleniumLibrary">
<arg>//input[@id='password']</arg>
<arg>${pass_word}</arg>
<doc>Types the given password into the text field identified by ``locator``.</doc>
<msg timestamp="20230331 19:26:08.789" level="INFO">Typing password into text field '//input[@id='password']'.</msg>
<msg timestamp="20230331 19:26:08.840" level="INFO">Temporally setting log level to: NONE</msg>
<msg timestamp="20230331 19:26:08.901" level="INFO">Log level changed from NONE to INFO.</msg>
<status status="PASS" starttime="20230331 19:26:08.788" endtime="20230331 19:26:08.902"/>
</kw>
<kw name="Click Button" library="SeleniumLibrary">
<arg>//button[contains(text(),'Đăng nhập')]</arg>
<doc>Clicks the button identified by ``locator``.</doc>
<msg timestamp="20230331 19:26:08.903" level="INFO">Clicking button '//button[contains(text(),'Đăng nhập')]'.</msg>
<status status="PASS" starttime="20230331 19:26:08.902" endtime="20230331 19:26:12.295"/>
</kw>
<kw name="Page Should Contain Element" library="SeleniumLibrary">
<arg>//header/div[1]/div[1]/div[2]/div[1]/div[1]/button[1]/div[1]/img[1]</arg>
<doc>Verifies that element ``locator`` is found on the current page.</doc>
<msg timestamp="20230331 19:26:12.565" level="INFO">Current page contains element '//header/div[1]/div[1]/div[2]/div[1]/div[1]/button[1]/div[1]/img[1]'.</msg>
<status status="PASS" starttime="20230331 19:26:12.296" endtime="20230331 19:26:12.565"/>
</kw>
<kw name="Close Browser" library="SeleniumLibrary">
<doc>Closes the current browser.</doc>
<status status="PASS" starttime="20230331 19:26:12.566" endtime="20230331 19:26:14.856"/>
</kw>
<status status="PASS" starttime="20230331 19:25:33.289" endtime="20230331 19:26:14.857"/>
</test>
<status status="PASS" starttime="20230331 19:25:32.956" endtime="20230331 19:26:14.859"/>
</suite>
<statistics>
<total>
<stat pass="1" fail="0" skip="0">All Tests</stat>
</total>
<tag>
</tag>
<suite>
<stat pass="1" fail="0" skip="0" id="s1" name="Login">Login</stat>
</suite>
</statistics>
<errors>
</errors>
</robot>
